------------------------------------------------------------------------------------------------------------------------

[2020-11-10 16:59:42 #1 store] 
Database 'C:\Users\MIKEL1\Desktop\betsProiektua\Bets\resources\bets.temp' has been recovered (tr. 248-248)

[2020-11-10 16:59:42 #2 store] 
Database 'C:\Users\MIKEL1\Desktop\betsProiektua\Bets\resources\bets.temp' is opened by 15532@LAPTOP-VSQPQNDP

[2020-11-10 16:59:42 #3 type] 
Type domain.User is not enhanced.

[2020-11-10 16:59:42 #4 type] 
Type domain.Worker is not enhanced.

[2020-11-10 16:59:42 #5 type] 
Type domain.Admin is not enhanced.

[2020-11-10 16:59:42 #6 type] 
Type domain.Question is not enhanced.

[2020-11-10 16:59:42 #7 type] 
Type domain.Kuota is not enhanced.

[2020-11-10 16:59:42 #8 type] 
Type domain.Event is not enhanced.

[2020-11-10 16:59:42 #9 type] 
Type domain.Apustua is not enhanced.

[2020-11-10 16:59:42 #10 type] 
Type domain.Mugimenduak is not enhanced.

------------------------------------------------------------------------------------------------------------------------

[2020-11-10 17:00:37 #1 store] 
Database 'C:\Users\MIKEL1\Desktop\betsProiektua\Bets\resources\bets.temp' has been recovered (tr. 249-251)

[2020-11-10 17:00:37 #2 store] 
Database 'C:\Users\MIKEL1\Desktop\betsProiektua\Bets\resources\bets.temp' is opened by 9880@LAPTOP-VSQPQNDP

[2020-11-10 17:00:37 #3 type] 
Type domain.User is not enhanced.

[2020-11-10 17:00:37 #4 type] 
Type domain.Worker is not enhanced.

[2020-11-10 17:00:37 #5 type] 
Type domain.Admin is not enhanced.

[2020-11-10 17:00:37 #6 type] 
Type domain.Question is not enhanced.

[2020-11-10 17:00:37 #7 type] 
Type domain.Kuota is not enhanced.

[2020-11-10 17:00:37 #8 type] 
Type domain.Event is not enhanced.

[2020-11-10 17:00:37 #9 type] 
Type domain.Apustua is not enhanced.

[2020-11-10 17:00:37 #10 type] 
Type domain.Mugimenduak is not enhanced.

------------------------------------------------------------------------------------------------------------------------

[2020-11-10 18:16:40 #1 store] 
Database 'C:\Users\MIKEL1\git\betsProiektua\Bets\resources\bets.temp' is opened by 12752@LAPTOP-VSQPQNDP

[2020-11-10 18:16:40 #2 type] 
Type domain.User is not enhanced.

[2020-11-10 18:16:40 #3 type] 
Type domain.Worker is not enhanced.

[2020-11-10 18:16:40 #4 type] 
Type domain.Admin is not enhanced.

[2020-11-10 18:16:40 #5 type] 
Type domain.Question is not enhanced.

[2020-11-10 18:16:40 #6 type] 
Type domain.Kuota is not enhanced.

[2020-11-10 18:16:40 #7 type] 
Type domain.Event is not enhanced.

[2020-11-10 18:16:40 #8 type] 
Type domain.Apustua is not enhanced.

[2020-11-10 18:16:40 #9 type] 
Type domain.Mugimenduak is not enhanced.

------------------------------------------------------------------------------------------------------------------------

[2020-11-10 18:22:49 #1 store] 
Database 'C:\Users\MIKEL1\git\betsProiektua\Bets\resources\bets.temp' is opened by 11516@LAPTOP-VSQPQNDP

[2020-11-10 18:22:49 #2 type] 
Type domain.User is not enhanced.

[2020-11-10 18:22:49 #3 type] 
Type domain.Worker is not enhanced.

[2020-11-10 18:22:49 #4 type] 
Type domain.Admin is not enhanced.

[2020-11-10 18:22:49 #5 type] 
Type domain.Question is not enhanced.

[2020-11-10 18:22:49 #6 type] 
Type domain.Kuota is not enhanced.

[2020-11-10 18:22:49 #7 type] 
Type domain.Event is not enhanced.

[2020-11-10 18:22:49 #8 type] 
Type domain.Apustua is not enhanced.

[2020-11-10 18:22:49 #9 type] 
Type domain.Mugimenduak is not enhanced.

------------------------------------------------------------------------------------------------------------------------

[2020-11-10 18:25:59 #1 store] 
Database 'C:\Users\MIKEL1\git\betsProiektua\Bets\resources\bets.temp' is opened by 4328@LAPTOP-VSQPQNDP

[2020-11-10 18:25:59 #2 type] 
Type domain.User is not enhanced.

[2020-11-10 18:25:59 #3 type] 
Type domain.Worker is not enhanced.

[2020-11-10 18:25:59 #4 type] 
Type domain.Admin is not enhanced.

[2020-11-10 18:26:00 #5 type] 
Type domain.Question is not enhanced.

[2020-11-10 18:26:00 #6 type] 
Type domain.Kuota is not enhanced.

[2020-11-10 18:26:00 #7 type] 
Type domain.Event is not enhanced.

[2020-11-10 18:26:00 #8 type] 
Type domain.Apustua is not enhanced.

[2020-11-10 18:26:00 #9 type] 
Type domain.Mugimenduak is not enhanced.

------------------------------------------------------------------------------------------------------------------------

[2020-11-10 18:27:06 #1 store] 
Database 'C:\Users\MIKEL1\git\betsProiektua\Bets\resources\bets.temp' has been recovered (tr. 252-253)

[2020-11-10 18:27:06 #2 store] 
Database 'C:\Users\MIKEL1\git\betsProiektua\Bets\resources\bets.temp' is opened by 12004@LAPTOP-VSQPQNDP

[2020-11-10 18:27:06 #3 type] 
Type domain.User is not enhanced.

[2020-11-10 18:27:06 #4 type] 
Type domain.Worker is not enhanced.

[2020-11-10 18:27:06 #5 type] 
Type domain.Admin is not enhanced.

[2020-11-10 18:27:06 #6 type] 
Type domain.Question is not enhanced.

[2020-11-10 18:27:06 #7 type] 
Type domain.Kuota is not enhanced.

[2020-11-10 18:27:06 #8 type] 
Type domain.Event is not enhanced.

[2020-11-10 18:27:06 #9 type] 
Type domain.Apustua is not enhanced.

[2020-11-10 18:27:06 #10 type] 
Type domain.Mugimenduak is not enhanced.

------------------------------------------------------------------------------------------------------------------------

[2020-11-10 21:18:23 #1 store] 
Database 'C:\Users\MIKEL1\git\betsProiektua\Bets\resources\bets.temp' is opened by 19112@LAPTOP-VSQPQNDP

[2020-11-10 21:18:23 #2 type] 
Type domain.User is not enhanced.

[2020-11-10 21:18:23 #3 type] 
Type domain.Worker is not enhanced.

[2020-11-10 21:18:23 #4 type] 
Type domain.Admin is not enhanced.

[2020-11-10 21:18:23 #5 type] 
Type domain.Question is not enhanced.

[2020-11-10 21:18:23 #6 type] 
Type domain.Kuota is not enhanced.

[2020-11-10 21:18:23 #7 type] 
Type domain.Event is not enhanced.

[2020-11-10 21:18:23 #8 type] 
Type domain.Apustua is not enhanced.

[2020-11-10 21:18:23 #9 type] 
Type domain.Mugimenduak is not enhanced.

------------------------------------------------------------------------------------------------------------------------

[2020-11-10 21:19:42 #1 store] 
Database 'C:\Users\MIKEL1\git\betsProiektua\Bets\resources\bets.temp' has been recovered (tr. 254-256)

[2020-11-10 21:19:42 #2 store] 
Database 'C:\Users\MIKEL1\git\betsProiektua\Bets\resources\bets.temp' is opened by 15456@LAPTOP-VSQPQNDP

[2020-11-10 21:19:43 #3 type] 
Type domain.User is not enhanced.

[2020-11-10 21:19:43 #4 type] 
Type domain.Worker is not enhanced.

[2020-11-10 21:19:43 #5 type] 
Type domain.Admin is not enhanced.

[2020-11-10 21:19:43 #6 type] 
Type domain.Question is not enhanced.

[2020-11-10 21:19:43 #7 type] 
Type domain.Kuota is not enhanced.

[2020-11-10 21:19:43 #8 type] 
Type domain.Event is not enhanced.

[2020-11-10 21:19:43 #9 type] 
Type domain.Apustua is not enhanced.

[2020-11-10 21:19:43 #10 type] 
Type domain.Mugimenduak is not enhanced.

------------------------------------------------------------------------------------------------------------------------

[2020-11-10 21:41:14 #1 store] 
Database 'C:\Users\MIKEL1\git\betsProiektua\Bets\resources\bets.temp' is opened by 7336@LAPTOP-VSQPQNDP

[2020-11-10 21:41:15 #2 type] 
Type domain.User is not enhanced.

[2020-11-10 21:41:15 #3 type] 
Type domain.Worker is not enhanced.

[2020-11-10 21:41:15 #4 type] 
Type domain.Admin is not enhanced.

[2020-11-10 21:41:15 #5 type] 
Type domain.Question is not enhanced.

[2020-11-10 21:41:15 #6 type] 
Type domain.Kuota is not enhanced.

[2020-11-10 21:41:15 #7 type] 
Type domain.Event is not enhanced.

[2020-11-10 21:41:15 #8 type] 
Type domain.Apustua is not enhanced.

[2020-11-10 21:41:15 #9 type] 
Type domain.Mugimenduak is not enhanced.

