------------------------------------------------------------------------------------------------------------------------

[2020-11-10 16:59:42 #1 store] 
Database 'C:\Users\MIKEL1\Desktop\betsProiektua\Bets\resources\bets.temp' has been recovered (tr. 248-248)

[2020-11-10 16:59:42 #2 store] 
Database 'C:\Users\MIKEL1\Desktop\betsProiektua\Bets\resources\bets.temp' is opened by 15532@LAPTOP-VSQPQNDP

[2020-11-10 16:59:42 #3 type] 
Type domain.User is not enhanced.

[2020-11-10 16:59:42 #4 type] 
Type domain.Worker is not enhanced.

[2020-11-10 16:59:42 #5 type] 
Type domain.Admin is not enhanced.

[2020-11-10 16:59:42 #6 type] 
Type domain.Question is not enhanced.

[2020-11-10 16:59:42 #7 type] 
Type domain.Kuota is not enhanced.

[2020-11-10 16:59:42 #8 type] 
Type domain.Event is not enhanced.

[2020-11-10 16:59:42 #9 type] 
Type domain.Apustua is not enhanced.

[2020-11-10 16:59:42 #10 type] 
Type domain.Mugimenduak is not enhanced.

------------------------------------------------------------------------------------------------------------------------

[2020-11-10 17:00:37 #1 store] 
Database 'C:\Users\MIKEL1\Desktop\betsProiektua\Bets\resources\bets.temp' has been recovered (tr. 249-251)

[2020-11-10 17:00:37 #2 store] 
Database 'C:\Users\MIKEL1\Desktop\betsProiektua\Bets\resources\bets.temp' is opened by 9880@LAPTOP-VSQPQNDP

[2020-11-10 17:00:37 #3 type] 
Type domain.User is not enhanced.

[2020-11-10 17:00:37 #4 type] 
Type domain.Worker is not enhanced.

[2020-11-10 17:00:37 #5 type] 
Type domain.Admin is not enhanced.

[2020-11-10 17:00:37 #6 type] 
Type domain.Question is not enhanced.

[2020-11-10 17:00:37 #7 type] 
Type domain.Kuota is not enhanced.

[2020-11-10 17:00:37 #8 type] 
Type domain.Event is not enhanced.

[2020-11-10 17:00:37 #9 type] 
Type domain.Apustua is not enhanced.

[2020-11-10 17:00:37 #10 type] 
Type domain.Mugimenduak is not enhanced.

